ss
Fri Dec 18 13:31:00 2020 [301284]logging PID [301284] into sweetspot.log
Fri Dec 18 14:25:32 2020 [302124]logging PID [302124] into sweetspot.log
Fri Dec 18 14:25:32 2020 [302124]debug.c:73 enable debug all
Fri Dec 18 14:25:32 2020 [302124]sweetspot.c:197 sweetspot version 0.1.3 starting
Fri Dec 18 14:25:32 2020 [302124]sweetspot.c:200 config /usr/local/etc/sweetspot/sweetspot.conf loaded
Fri Dec 18 14:25:32 2020 [302124]lhstat.c:31 lhash statistics reporting interval 3600 secs
Fri Dec 18 14:25:32 2020 [302124]filter.c:161 dir /usr/local/etc/sweetspot/filters opened
Fri Dec 18 14:25:32 2020 [302124]filter.c:88 file "anonymous" read, 906 chars
Fri Dec 18 14:25:32 2020 [302124]filter_parser.y:372 scanning ruleset
Fri Dec 18 14:25:32 2020 [302124]filter_parser.y:383 parsing ruleset
Fri Dec 18 14:25:32 2020 [302124]filter_parser.y:102 inbound ruleset created
Fri Dec 18 14:25:32 2020 [302124]filter_parser.y:106 inbound rule #0 parsed
Fri Dec 18 14:25:32 2020 [302124]filter_parser.y:116 outbound ruleset created
Fri Dec 18 14:25:32 2020 [302124]filter_parser.y:120 outbound rule #0 parsed
Fri Dec 18 14:25:32 2020 [302124]filter_parser.y:106 inbound rule #1 parsed
Fri Dec 18 14:25:32 2020 [302124]filter_parser.y:120 outbound rule #1 parsed
Fri Dec 18 14:25:32 2020 [302124]filter_parser.y:106 inbound rule #2 parsed
Fri Dec 18 14:25:32 2020 [302124]filter_parser.y:120 outbound rule #2 parsed
Fri Dec 18 14:25:32 2020 [302124]filter_parser.y:106 inbound rule #3 parsed
Fri Dec 18 14:25:32 2020 [302124]filter_parser.y:120 outbound rule #3 parsed
Fri Dec 18 14:31:28 2020 [302225]logging PID [302225] into sweetspot.log
Fri Dec 18 14:31:28 2020 [302225]debug.c:73 enable debug all
Fri Dec 18 14:31:28 2020 [302225]sweetspot.c:197 sweetspot version 0.1.3 starting
Fri Dec 18 14:31:28 2020 [302225]sweetspot.c:200 config /usr/local/etc/sweetspot/sweetspot.conf loaded
Fri Dec 18 14:31:28 2020 [302225]lhstat.c:31 lhash statistics reporting interval 3600 secs
Fri Dec 18 14:31:28 2020 [302225]filter.c:161 dir /usr/local/etc/sweetspot/filters opened
Fri Dec 18 14:31:28 2020 [302225]filter.c:88 file "anonymous" read, 908 chars
Fri Dec 18 14:31:28 2020 [302225]filter_parser.y:372 scanning ruleset
Fri Dec 18 14:31:28 2020 [302225]filter_parser.y:383 parsing ruleset
Fri Dec 18 14:31:28 2020 [302225]filter_parser.y:102 inbound ruleset created
Fri Dec 18 14:31:28 2020 [302225]filter_parser.y:106 inbound rule #0 parsed
Fri Dec 18 14:31:28 2020 [302225]filter_parser.y:116 outbound ruleset created
Fri Dec 18 14:31:28 2020 [302225]filter_parser.y:120 outbound rule #0 parsed
Fri Dec 18 14:31:28 2020 [302225]filter_parser.y:106 inbound rule #1 parsed
Fri Dec 18 14:31:28 2020 [302225]filter_parser.y:120 outbound rule #1 parsed
Fri Dec 18 14:31:28 2020 [302225]filter_parser.y:106 inbound rule #2 parsed
Fri Dec 18 14:31:28 2020 [302225]filter_parser.y:120 outbound rule #2 parsed
Fri Dec 18 15:53:49 2020 [303182]logging PID [303182] into sweetspot.log
Fri Dec 18 15:53:49 2020 [303182]debug.c:73 enable debug all
Fri Dec 18 15:53:49 2020 [303182]sweetspot.c:197 sweetspot version 0.1.3 starting
Fri Dec 18 15:53:49 2020 [303182]sweetspot.c:200 config /usr/local/etc/sweetspot/sweetspot.conf loaded
Fri Dec 18 15:53:49 2020 [303182]lhstat.c:31 lhash statistics reporting interval 3600 secs
Fri Dec 18 15:53:49 2020 [303182]filter.c:161 dir /usr/local/etc/sweetspot/filters opened
Fri Dec 18 15:53:49 2020 [303182]filter.c:88 file "anonymous" read, 906 chars
Fri Dec 18 15:53:49 2020 [303182]filter_parser.y:372 scanning ruleset
Fri Dec 18 15:53:49 2020 [303182]filter_parser.y:383 parsing ruleset
Fri Dec 18 15:53:49 2020 [303182]filter_parser.y:102 inbound ruleset created
Fri Dec 18 15:53:49 2020 [303182]filter_parser.y:106 inbound rule #0 parsed
Fri Dec 18 15:53:49 2020 [303182]filter_parser.y:116 outbound ruleset created
Fri Dec 18 15:53:49 2020 [303182]filter_parser.y:120 outbound rule #0 parsed
Fri Dec 18 15:53:49 2020 [303182]filter_parser.y:106 inbound rule #1 parsed
Fri Dec 18 15:53:49 2020 [303182]filter_parser.y:120 outbound rule #1 parsed
Fri Dec 18 15:53:49 2020 [303182]filter_parser.y:106 inbound rule #2 parsed
Fri Dec 18 15:53:49 2020 [303182]filter_parser.y:120 outbound rule #2 parsed
Fri Dec 18 15:53:49 2020 [303182]filter_parser.y:106 inbound rule #3 parsed
Fri Dec 18 15:53:49 2020 [303182]filter_parser.y:120 outbound rule #3 parsed
Fri Dec 18 15:54:59 2020 [303226]logging PID [303226] into sweetspot.log
Fri Dec 18 15:54:59 2020 [303226]debug.c:73 enable debug filter
Fri Dec 18 15:54:59 2020 [303226]filter.c:161 dir /usr/local/etc/sweetspot/filters opened
Fri Dec 18 15:54:59 2020 [303226]filter.c:88 file "anonymous" read, 906 chars
Fri Dec 18 15:54:59 2020 [303226]filter_parser.y:372 scanning ruleset
Fri Dec 18 15:54:59 2020 [303226]filter_parser.y:383 parsing ruleset
Fri Dec 18 15:54:59 2020 [303226]filter_parser.y:102 inbound ruleset created
Fri Dec 18 15:54:59 2020 [303226]filter_parser.y:106 inbound rule #0 parsed
Fri Dec 18 15:54:59 2020 [303226]filter_parser.y:116 outbound ruleset created
Fri Dec 18 15:54:59 2020 [303226]filter_parser.y:120 outbound rule #0 parsed
Fri Dec 18 15:54:59 2020 [303226]filter_parser.y:106 inbound rule #1 parsed
Fri Dec 18 15:54:59 2020 [303226]filter_parser.y:120 outbound rule #1 parsed
Fri Dec 18 15:54:59 2020 [303226]filter_parser.y:106 inbound rule #2 parsed
Fri Dec 18 15:54:59 2020 [303226]filter_parser.y:120 outbound rule #2 parsed
Fri Dec 18 15:54:59 2020 [303226]filter_parser.y:106 inbound rule #3 parsed
Fri Dec 18 15:54:59 2020 [303226]filter_parser.y:120 outbound rule #3 parsed
